ログ
試合時間 1:54
1手目  お試し : 黒 : (1, 1)

2手目  お試し : 白 : (1, 1)

3手目  お試し : 黒 : (1, 2)

4手目  お試し : 白 : (0, 0)  ※異常終了したため、 (0, 0)に強制配置

5手目  お試し : 黒 : (2, 1)

6手目  お試し : 白 : (0, 0)

7手目  お試し : 黒 : (1, 2)

8手目  お試し : 白 : (0, 0)

9手目  お試し : 黒 : (0, 0)

10手目  お試し : 白 : (1, 2)

11手目  お試し : 黒 : (1, 0)

12手目  お試し : 白 : (1, 3)

13手目  お試し : 黒 : (0, 1)

14手目  お試し : 白 : (1, 0)  ※異常終了したため、 (1, 0)に強制配置

15手目  お試し : 黒 : (1, 0)  ※異常終了したため、 (1, 0)に強制配置

16手目  お試し : 白 : (1, 0)  ※異常終了したため、 (1, 0)に強制配置

17手目  お試し : 黒 : (2, 0)  ※異常終了したため、 (2, 0)に強制配置

18手目  お試し : 白 : (2, 0)  ※異常終了したため、 (2, 0)に強制配置

19手目  お試し : 黒 : (0, 3)

20手目  お試し : 白 : (2, 0)  ※異常終了したため、 (2, 0)に強制配置

21手目  お試し : 黒 : (0, 1)

22手目  お試し : 白 : (0, 1)

23手目  お試し : 黒 : (0, 1)

24手目  お試し : 白 : (2, 0)  ※異常終了したため、 (2, 0)に強制配置

25手目  お試し : 黒 : (0, 2)

26手目  お試し : 白 : (3, 0)  ※異常終了したため、 (3, 0)に強制配置

27手目  お試し : 黒 : (3, 0)  ※異常終了したため、 (3, 0)に強制配置

28手目  お試し : 白 : (3, 0)  ※異常終了したため、 (3, 0)に強制配置

29手目  お試し : 黒 : (3, 0)  ※異常終了したため、 (3, 0)に強制配置

30手目  お試し : 白 : (0, 2)

31手目  お試し : 黒 : (0, 3)

32手目  お試し : 白 : (0, 2)

33手目  お試し : 黒 : (0, 3)

34手目  お試し : 白 : (0, 2)

35手目  お試し : 黒 : (0, 3)

🎉 お試し が 35手で勝利！