ログ
試合時間 3:02
1手目  配列 : 黒 : (1, 1)

2手目  配列 : 白 : (1, 1)

3手目  配列 : 黒 : (1, 2)

4手目  配列 : 白 : (0, 0)  ※異常終了したため、 (0, 0)に強制配置

5手目  配列 : 黒 : (2, 1)

6手目  配列 : 白 : (0, 0)

7手目  配列 : 黒 : (1, 2)

8手目  配列 : 白 : (0, 0)

9手目  配列 : 黒 : (0, 0)

10手目  配列 : 白 : (1, 2)

11手目  配列 : 黒 : (1, 0)  ※異常終了したため、 (1, 0)に強制配置

12手目  配列 : 白 : (1, 3)

13手目  配列 : 黒 : (1, 0)  ※異常終了したため、 (1, 0)に強制配置

14手目  配列 : 白 : (1, 0)  ※異常終了したため、 (1, 0)に強制配置

15手目  配列 : 黒 : (1, 0)  ※異常終了したため、 (1, 0)に強制配置

16手目  配列 : 白 : (1, 1)

17手目  配列 : 黒 : (2, 0)  ※異常終了したため、 (2, 0)に強制配置

18手目  配列 : 白 : (2, 0)  ※異常終了したため、 (2, 0)に強制配置

19手目  配列 : 黒 : (2, 0)  ※異常終了したため、 (2, 0)に強制配置

20手目  配列 : 白 : (2, 0)  ※異常終了したため、 (2, 0)に強制配置

21手目  配列 : 黒 : (3, 0)  ※異常終了したため、 (3, 0)に強制配置

22手目  配列 : 白 : (0, 3)

23手目  配列 : 黒 : (3, 0)  ※異常終了したため、 (3, 0)に強制配置

24手目  配列 : 白 : (3, 0)  ※異常終了したため、 (3, 0)に強制配置

25手目  配列 : 黒 : (3, 0)  ※異常終了したため、 (3, 0)に強制配置

26手目  配列 : 白 : (0, 1)  ※異常終了したため、 (0, 1)に強制配置

27手目  配列 : 黒 : (0, 2)

28手目  配列 : 白 : (0, 1)  ※異常終了したため、 (0, 1)に強制配置

29手目  配列 : 黒 : (0, 1)  ※異常終了したため、 (0, 1)に強制配置

30手目  配列 : 白 : (0, 1)  ※異常終了したため、 (0, 1)に強制配置

31手目  配列 : 黒 : (1, 1)  ※異常終了したため、 (1, 1)に強制配置

32手目  配列 : 白 : (2, 1)

33手目  配列 : 黒 : (0, 2)

34手目  配列 : 白 : (0, 2)

35手目  配列 : 黒 : (2, 1)  ※異常終了したため、 (2, 1)に強制配置

36手目  配列 : 白 : (0, 2)

37手目  配列 : 黒 : (0, 3)

38手目  配列 : 白 : (0, 3)

39手目  配列 : 黒 : (0, 3)