ログ
試合時間 1:01
1手目  お試し : 黒 : (1, 1)

2手目  お試し : 白 : (1, 1)

3手目  お試し : 黒 : (1, 2)

4手目  お試し : 白 : (1, 2)

5手目  お試し : 黒 : (2, 1)

6手目  お試し : 白 : (2, 1)

7手目  お試し : 黒 : (2, 3)

8手目  お試し : 白 : (0, 0)  ※異常終了したため、 (0, 0)に強制配置

9手目  お試し : 黒 : (0, 3)

10手目  お試し : 白 : (0, 0)  ※異常終了したため、 (0, 0)に強制配置

11手目  お試し : 黒 : (0, 1)

12手目  お試し : 白 : (0, 0)

13手目  お試し : 黒 : (0, 0)

14手目  お試し : 白 : (0, 1)

15手目  お試し : 黒 : (0, 1)

16手目  お試し : 白 : (0, 1)

17手目  お試し : 黒 : (0, 2)

18手目  お試し : 白 : (0, 2)

19手目  お試し : 黒 : (0, 3)

20手目  お試し : 白 : (0, 2)

21手目  お試し : 黒 : (0, 2)

22手目  お試し : 白 : (0, 3)

23手目  お試し : 黒 : (0, 3)

24手目  お試し : 白 : (1, 0)

25手目  お試し : 黒 : (1, 0)

26手目  お試し : 白 : (1, 0)

27手目  お試し : 黒 : (1, 0)

28手目  お試し : 白 : (1, 1)

29手目  お試し : 黒 : (3, 0)

🎉 お試し が 29手で勝利！