ログ
試合時間 0:41
1手目  高速化 : 黒 : (0, 0)

2手目  高速化 : 白 : (1, 2)

3手目  高速化 : 黒 : (3, 0)

4手目  高速化 : 白 : (1, 0)

5手目  高速化 : 黒 : (1, 1)

6手目  高速化 : 白 : (2, 2)

7手目  高速化 : 黒 : (0, 2)

8手目  高速化 : 白 : (0, 1)

9手目  高速化 : 黒 : (1, 1)

10手目  高速化 : 白 : (1, 2)

11手目  高速化 : 黒 : (1, 1)

12手目  高速化 : 白 : (1, 1)

13手目  高速化 : 黒 : (2, 2)

14手目  高速化 : 白 : (1, 2)

15手目  高速化 : 黒 : (1, 2)

16手目  高速化 : 白 : (2, 0)

17手目  高速化 : 黒 : (2, 2)

18手目  高速化 : 白 : (2, 3)

19手目  高速化 : 黒 : (2, 1)

20手目  高速化 : 白 : (3, 3)

21手目  高速化 : 黒 : (0, 1)

22手目  高速化 : 白 : (0, 3)

23手目  高速化 : 黒 : (1, 3)

24手目  高速化 : 白 : (3, 3)

25手目  高速化 : 黒 : (0, 2)

26手目  高速化 : 白 : (0, 2)

27手目  高速化 : 黒 : (0, 3)

28手目  高速化 : 白 : (0, 0)

29手目  高速化 : 黒 : (0, 0)

30手目  高速化 : 白 : (0, 0)

31手目  高速化 : 黒 : (0, 1)

32手目  高速化 : 白 : (0, 1)

33手目  高速化 : 黒 : (0, 2)

34手目  高速化 : 白 : (0, 3)

35手目  高速化 : 黒 : (0, 3)

36手目  高速化 : 白 : (1, 0)

37手目  高速化 : 黒 : (1, 0)

38手目  高速化 : 白 : (1, 0)

39手目  高速化 : 黒 : (1, 3)

40手目  高速化 : 白 : (1, 3)

41手目  高速化 : 黒 : (1, 3)

42手目  高速化 : 白 : (2, 0)

43手目  高速化 : 黒 : (3, 0)

44手目  高速化 : 白 : (2, 0)

45手目  高速化 : 黒 : (2, 0)

46手目  高速化 : 白 : (2, 1)

47手目  高速化 : 黒 : (2, 1)

48手目  高速化 : 白 : (2, 1)

49手目  高速化 : 黒 : (2, 2)

50手目  高速化 : 白 : (2, 3)

51手目  高速化 : 黒 : (2, 3)

52手目  高速化 : 白 : (2, 3)

53手目  高速化 : 黒 : (3, 0)

54手目  高速化 : 白 : (3, 0)

55手目  高速化 : 黒 : (3, 1)

56手目  高速化 : 白 : (3, 1)

57手目  高速化 : 黒 : (3, 1)

🎉 高速化 が 57手で勝利！